<?xml version="1.0" encoding="UTF-8"?>
<!-- Generated by org.testng.reporters.JUnitReportReporter -->
<testsuite skipped="0" hostname="xuezhong-PC" name="com.testng.NewTestBAIDU" tests="1" failures="0" timestamp="26 六月 2018 02:51:12 GMT" time="2.124" errors="0">
  <testcase name="testSeleniumTestng" time="2.124" classname="com.testng.NewTestBAIDU"/>
</testsuite> <!-- com.testng.NewTestBAIDU -->
