<?xml version="1.0" encoding="UTF-8"?>
<!-- Generated by org.testng.reporters.JUnitReportReporter -->
<testsuite skipped="0" hostname="xuezhong-PC" name="com.testng.TestLoginQQ" tests="1" failures="0" timestamp="26 六月 2018 03:53:39 GMT" time="11.178" errors="0">
  <testcase name="testLoginQQ" time="11.178" classname="com.testng.TestLoginQQ"/>
</testsuite> <!-- com.testng.TestLoginQQ -->
