<?xml version="1.0" encoding="UTF-8"?>
<!-- Generated by org.testng.reporters.JUnitReportReporter -->
<testsuite skipped="0" hostname="xuezhong-PC" name="com.testng.TestLoginQQFailure2" tests="1" failures="0" timestamp="26 六月 2018 05:59:34 GMT" time="18.664" errors="0">
  <testcase name="testLoginQQFailure2" time="18.664" classname="com.testng.TestLoginQQFailure2"/>
</testsuite> <!-- com.testng.TestLoginQQFailure2 -->
