<?xml version="1.0" encoding="UTF-8"?>
<!-- Generated by org.testng.reporters.JUnitReportReporter -->
<testsuite skipped="0" hostname="xuezhong-PC" name="com.testng.NewTestQQ" tests="2" failures="0" timestamp="26 六月 2018 02:51:12 GMT" time="10.712" errors="0">
  <testcase name="testSeleniumTestng" time="5.396" classname="com.testng.NewTestQQ"/>
  <testcase name="search" time="5.316" classname="com.testng.NewTestQQ"/>
</testsuite> <!-- com.testng.NewTestQQ -->
