<?xml version="1.0" encoding="UTF-8"?>
<!-- Generated by org.testng.reporters.JUnitReportReporter -->
<testsuite skipped="0" hostname="xuezhong-PC" name="com.testng.TestLoginQQFailure1" tests="1" failures="0" timestamp="26 六月 2018 05:44:54 GMT" time="17.033" errors="0">
  <testcase name="testLoginQQFailure1" time="17.033" classname="com.testng.TestLoginQQFailure1"/>
</testsuite> <!-- com.testng.TestLoginQQFailure1 -->
