<?xml version="1.0" encoding="UTF-8"?>
<!-- Generated by org.testng.reporters.JUnitReportReporter -->
<testsuite skipped="0" hostname="xuezhong-PC" name="com.testng.NewTest" tests="1" failures="0" timestamp="25 六月 2018 08:53:29 GMT" time="6.259" errors="0">
  <testcase name="testSeleniumTestng" time="6.259" classname="com.testng.NewTest"/>
</testsuite> <!-- com.testng.NewTest -->
